<?xml version="1.0" encoding="UTF-8"?>
<!-- Generated by org.testng.reporters.JUnitReportReporter -->
<testsuite skipped="0" hostname="HJ5ZXDD8HLKOCOR" name="jdbc.TestngProject" tests="2" failures="0" timestamp="2020-01-10T17:10:33 CST" time="0.009" errors="0">
  <testcase name="test2" time="0.001" classname="jdbc.TestngProject"/>
  <testcase name="test1" time="0.008" classname="jdbc.TestngProject"/>
</testsuite> <!-- jdbc.TestngProject -->
